# JRE version: Java(TM) SE Runtime Environment (8.0-b108) (build 1.8.0-ea-b108)
# Java VM: Java HotSpot(TM) 64-Bit Server VM (25.0-b50 mixed mode linux-amd64 compressed oops)
Heap:
 PSYoungGen      total 70656K, used 5089K [0x00000000eaa00000, 0x00000000ef400000, 0x0000000100000000)
  eden space 65536K, 0% used [0x00000000eaa00000,0x00000000eaa00000,0x00000000eea00000)
  from space 5120K, 99% used [0x00000000eea00000,0x00000000eeef87d8,0x00000000eef00000)
  to   space 5120K, 0% used [0x00000000eef00000,0x00000000eef00000,0x00000000ef400000)
 ParOldGen       total 83968K, used 26251K [0x00000000c0000000, 0x00000000c5200000, 0x00000000eaa00000)
  object space 83968K, 31% used [0x00000000c0000000,0x00000000c19a2e08,0x00000000c5200000)
 Metaspace total 8070K, used 7909K, reserved 132096K
  data space     7249K, used 7138K, reserved 1024K
  class space    821K, used 770K, reserved 131072K
GC Heap History (5 events):
Event: 3.243 GC heap before
{Heap before GC invocations=1 (full 0):
 PSYoungGen      total 37888K, used 32768K [0x00000000eaa00000, 0x00000000ed400000, 0x0000000100000000)
  eden space 32768K, 100% used [0x00000000eaa00000,0x00000000eca00000,0x00000000eca00000)
  from space 5120K, 0% used [0x00000000ecf00000,0x00000000ecf00000,0x00000000ed400000)
  to   space 5120K, 0% used [0x00000000eca00000,0x00000000eca00000,0x00000000ecf00000)
 ParOldGen       total 83968K, used 0K [0x00000000c0000000, 0x00000000c5200000, 0x00000000eaa00000)
  object space 83968K, 0% used [0x00000000c0000000,0x00000000c0000000,0x00000000c5200000)
 Metaspace total 6842K, used 5957K, reserved 132096K
  data space     6221K, used 5379K, reserved 1024K
  class space    621K, used 578K, reserved 131072K
Event: 3.457 GC heap after
Heap after GC invocations=1 (full 0):
 PSYoungGen      total 37888K, used 5104K [0x00000000eaa00000, 0x00000000ef400000, 0x0000000100000000)
  eden space 32768K, 0% used [0x00000000eaa00000,0x00000000eaa00000,0x00000000eca00000)
  from space 5120K, 99% used [0x00000000eca00000,0x00000000ecefc0b0,0x00000000ecf00000)
  to   space 5120K, 0% used [0x00000000eef00000,0x00000000eef00000,0x00000000ef400000)
 ParOldGen       total 83968K, used 1987K [0x00000000c0000000, 0x00000000c5200000, 0x00000000eaa00000)
  object space 83968K, 2% used [0x00000000c0000000,0x00000000c01f0d58,0x00000000c5200000)
 Metaspace total 6842K, used 5957K, reserved 132096K
  data space     6221K, used 5379K, reserved 1024K
  class space    621K, used 578K, reserved 131072K
}
Event: 4.641 GC heap before
{Heap before GC invocations=2 (full 0):
 PSYoungGen      total 37888K, used 37872K [0x00000000eaa00000, 0x00000000ef400000, 0x0000000100000000)
  eden space 32768K, 100% used [0x00000000eaa00000,0x00000000eca00000,0x00000000eca00000)
  from space 5120K, 99% used [0x00000000eca00000,0x00000000ecefc0b0,0x00000000ecf00000)
  to   space 5120K, 0% used [0x00000000eef00000,0x00000000eef00000,0x00000000ef400000)
 ParOldGen       total 83968K, used 1987K [0x00000000c0000000, 0x00000000c5200000, 0x00000000eaa00000)
  object space 83968K, 2% used [0x00000000c0000000,0x00000000c01f0d58,0x00000000c5200000)
 Metaspace total 8006K, used 7848K, reserved 132096K
  data space     7185K, used 7078K, reserved 1024K
  class space    821K, used 770K, reserved 131072K
Event: 4.651 GC heap after
Heap after GC invocations=2 (full 0):
 PSYoungGen      total 70656K, used 5118K [0x00000000eaa00000, 0x00000000ef400000, 0x0000000100000000)
  eden space 65536K, 0% used [0x00000000eaa00000,0x00000000eaa00000,0x00000000eea00000)
  from space 5120K, 99% used [0x00000000eef00000,0x00000000ef3ffae8,0x00000000ef400000)
  to   space 5120K, 0% used [0x00000000eea00000,0x00000000eea00000,0x00000000eef00000)
 ParOldGen       total 83968K, used 8466K [0x00000000c0000000, 0x00000000c5200000, 0x00000000eaa00000)
  object space 83968K, 10% used [0x00000000c0000000,0x00000000c0844b48,0x00000000c5200000)
 Metaspace total 8006K, used 7848K, reserved 132096K
  data space     7185K, used 7078K, reserved 1024K
  class space    821K, used 770K, reserved 131072K
}
Event: 5.810 GC heap before
{Heap before GC invocations=3 (full 0):
 PSYoungGen      total 70656K, used 70654K [0x00000000eaa00000, 0x00000000ef400000, 0x0000000100000000)
  eden space 65536K, 100% used [0x00000000eaa00000,0x00000000eea00000,0x00000000eea00000)
  from space 5120K, 99% used [0x00000000eef00000,0x00000000ef3ffae8,0x00000000ef400000)
  to   space 5120K, 0% used [0x00000000eea00000,0x00000000eea00000,0x00000000eef00000)
 ParOldGen       total 83968K, used 8466K [0x00000000c0000000, 0x00000000c5200000, 0x00000000eaa00000)
  object space 83968K, 10% used [0x00000000c0000000,0x00000000c0844b48,0x00000000c5200000)
 Metaspace total 8070K, used 7909K, reserved 132096K
  data space     7249K, used 7138K, reserved 1024K
  class space    821K, used 770K, reserved 131072K

